<?xml version="1.0" encoding="UTF-8"?>
<!-- Generated by org.testng.reporters.JUnitXMLReporter -->
<testsuite hostname="CanberKeytorc" name="Default test" tests="1" failures="0" timestamp="9 Sep 2016 12:07:07 GMT" time="23.262" errors="0">
  <testcase name="@BeforeTest setClass" time="0.0" classname="com.automation.testapp.tests.TestFactory">
    <failure type="org.openqa.selenium.TimeoutException" message="Timed out after 10 seconds waiting for presence of any elements located by By.name: Sign in to IMDb
Build info: version: &amp;apos;2.53.1&amp;apos;, revision: &amp;apos;a36b8b1cd5757287168e54b817830adce9b0158d&amp;apos;, time: &amp;apos;2016-06-30 19:26:09&amp;apos;
System info: host: &amp;apos;CanberKeytorc&amp;apos;, ip: &amp;apos;192.168.56.1&amp;apos;, os.name: &amp;apos;Windows 10&amp;apos;, os.arch: &amp;apos;amd64&amp;apos;, os.version: &amp;apos;10.0&amp;apos;, java.version: &amp;apos;1.8.0_101&amp;apos;
Driver info: io.appium.java_client.android.AndroidDriver
Capabilities [{appPackage=com.imdb.mobile, networkConnectionEnabled=true, warnings={}, databaseEnabled=false, deviceName=ZX1G523QQF, version=5.1.1, platform=LINUX, appActivity=com.imdb.mobile.HomeActivity, desired={appPackage=com.imdb.mobile, appActivity=com.imdb.mobile.HomeActivity, newCommandTimeout=600, platformName=Android, deviceName=ZX1G523QQF, version=5.1.1}, newCommandTimeout=600, platformVersion=6.0.1, webStorageEnabled=false, locationContextEnabled=false, browserName=Android, takesScreenshot=true, javascriptEnabled=true, platformName=Android}]
Session ID: 545f8e01-6800-47f8-a6a9-40389afac5b5">
      <![CDATA[org.openqa.selenium.TimeoutException: Timed out after 10 seconds waiting for presence of any elements located by By.name: Sign in to IMDb
Build info: version: '2.53.1', revision: 'a36b8b1cd5757287168e54b817830adce9b0158d', time: '2016-06-30 19:26:09'
System info: host: 'CanberKeytorc', ip: '192.168.56.1', os.name: 'Windows 10', os.arch: 'amd64', os.version: '10.0', java.version: '1.8.0_101'
Driver info: io.appium.java_client.android.AndroidDriver
Capabilities [{appPackage=com.imdb.mobile, networkConnectionEnabled=true, warnings={}, databaseEnabled=false, deviceName=ZX1G523QQF, version=5.1.1, platform=LINUX, appActivity=com.imdb.mobile.HomeActivity, desired={appPackage=com.imdb.mobile, appActivity=com.imdb.mobile.HomeActivity, newCommandTimeout=600, platformName=Android, deviceName=ZX1G523QQF, version=5.1.1}, newCommandTimeout=600, platformVersion=6.0.1, webStorageEnabled=false, locationContextEnabled=false, browserName=Android, takesScreenshot=true, javascriptEnabled=true, platformName=Android}]
Session ID: 545f8e01-6800-47f8-a6a9-40389afac5b5
	at org.openqa.selenium.support.ui.WebDriverWait.timeoutException(WebDriverWait.java:80)
	at org.openqa.selenium.support.ui.FluentWait.until(FluentWait.java:261)
	at com.automation.testapp.base.BasePageUtil.waitForVisibility(BasePageUtil.java:38)
	at com.automation.testapp.base.BasePageUtil.findElement(BasePageUtil.java:55)
	at com.automation.testapp.base.BasePageUtil.clickElement(BasePageUtil.java:74)
	at com.automation.testapp.pages.HomePage.openLoginPage(HomePage.java:38)
	at com.automation.testapp.tests.TestFactory.setClass(TestFactory.java:24)
	at sun.reflect.NativeMethodAccessorImpl.invoke0(Native Method)
	at sun.reflect.NativeMethodAccessorImpl.invoke(Unknown Source)
	at sun.reflect.DelegatingMethodAccessorImpl.invoke(Unknown Source)
	at java.lang.reflect.Method.invoke(Unknown Source)
	at org.testng.internal.MethodInvocationHelper.invokeMethod(MethodInvocationHelper.java:84)
	at org.testng.internal.Invoker.invokeConfigurationMethod(Invoker.java:564)
	at org.testng.internal.Invoker.invokeConfigurations(Invoker.java:213)
	at org.testng.internal.Invoker.invokeConfigurations(Invoker.java:138)
	at org.testng.TestRunner.beforeRun(TestRunner.java:641)
	at org.testng.TestRunner.run(TestRunner.java:609)
	at org.testng.SuiteRunner.runTest(SuiteRunner.java:334)
	at org.testng.SuiteRunner.runSequentially(SuiteRunner.java:329)
	at org.testng.SuiteRunner.privateRun(SuiteRunner.java:291)
	at org.testng.SuiteRunner.run(SuiteRunner.java:240)
	at org.testng.SuiteRunnerWorker.runSuite(SuiteRunnerWorker.java:52)
	at org.testng.SuiteRunnerWorker.run(SuiteRunnerWorker.java:86)
	at org.testng.TestNG.runSuitesSequentially(TestNG.java:1224)
	at org.testng.TestNG.runSuitesLocally(TestNG.java:1149)
	at org.testng.TestNG.run(TestNG.java:1057)
	at org.testng.remote.RemoteTestNG.run(RemoteTestNG.java:111)
	at org.testng.remote.RemoteTestNG.initAndRun(RemoteTestNG.java:204)
	at org.testng.remote.RemoteTestNG.main(RemoteTestNG.java:175)
]]>
    </failure>
  </testcase> <!-- @BeforeTest setClass -->
  <testcase name="@AfterMethod WebDriverQuit" time="0.0" classname="com.automation.testapp.tests.TestFactory">
    <skipped/>
  </testcase> <!-- @AfterMethod WebDriverQuit -->
  <testcase name="addToWatchList" time="0.003" classname="com.automation.testapp.tests.TestFactory">
    <skipped/>
  </testcase> <!-- addToWatchList -->
</testsuite> <!-- Default test -->
