<?xml version="1.0" encoding="UTF-8"?>
<!-- Generated by org.testng.reporters.JUnitXMLReporter -->
<testsuite hostname="CanberKeytorc" name="RunTest" tests="0" failures="0" timestamp="19 Jul 2016 11:45:35 GMT" time="0.04" errors="0">
  <testcase name="@BeforeSuite AndroidDriverSet" time="0.0" classname="com.automation.testapp.tests.TestFactory">
    <failure type="org.openqa.selenium.SessionNotCreatedException" message="errorId: 6f8ea5c2-d415-4bfe-ac63-8f08bacab37d - Unable to allocate device LG_Nexus_4_E960_real within 900000ms or 3 tries. This can happen if there were no available devices within the time or your plan&amp;apos;s max concurrent test run is not corresponding to your usage
Build info: version: &amp;apos;unknown&amp;apos;, revision: &amp;apos;unknown&amp;apos;, time: &amp;apos;unknown&amp;apos;
System info: host: &amp;apos;a895cd73b39c&amp;apos;, ip: &amp;apos;172.17.0.4&amp;apos;, os.name: &amp;apos;Linux&amp;apos;, os.arch: &amp;apos;amd64&amp;apos;, os.version: &amp;apos;4.2.0-35-generic&amp;apos;, java.version: &amp;apos;1.8.0_91&amp;apos;
Driver info: driver.version: unknown
Command duration or timeout: 913.64 seconds
Build info: version: &amp;apos;2.50.1&amp;apos;, revision: &amp;apos;d7fc91b29de65b790abb01f3ac5f7ea2191c88a7&amp;apos;, time: &amp;apos;2016-01-29 11:11:26&amp;apos;
System info: host: &amp;apos;CanberKeytorc&amp;apos;, ip: &amp;apos;192.168.56.1&amp;apos;, os.name: &amp;apos;Windows 10&amp;apos;, os.arch: &amp;apos;amd64&amp;apos;, os.version: &amp;apos;10.0&amp;apos;, java.version: &amp;apos;1.8.0_91&amp;apos;
Driver info: org.openqa.selenium.remote.RemoteWebDriver">
      <![CDATA[org.openqa.selenium.SessionNotCreatedException: errorId: 6f8ea5c2-d415-4bfe-ac63-8f08bacab37d - Unable to allocate device LG_Nexus_4_E960_real within 900000ms or 3 tries. This can happen if there were no available devices within the time or your plan's max concurrent test run is not corresponding to your usage
Build info: version: 'unknown', revision: 'unknown', time: 'unknown'
System info: host: 'a895cd73b39c', ip: '172.17.0.4', os.name: 'Linux', os.arch: 'amd64', os.version: '4.2.0-35-generic', java.version: '1.8.0_91'
Driver info: driver.version: unknown
Command duration or timeout: 913.64 seconds
Build info: version: '2.50.1', revision: 'd7fc91b29de65b790abb01f3ac5f7ea2191c88a7', time: '2016-01-29 11:11:26'
System info: host: 'CanberKeytorc', ip: '192.168.56.1', os.name: 'Windows 10', os.arch: 'amd64', os.version: '10.0', java.version: '1.8.0_91'
Driver info: org.openqa.selenium.remote.RemoteWebDriver
	at org.openqa.selenium.remote.ErrorHandler.createThrowable(ErrorHandler.java:206)
	at org.openqa.selenium.remote.ErrorHandler.throwIfResponseFailed(ErrorHandler.java:158)
	at org.openqa.selenium.remote.RemoteWebDriver.execute(RemoteWebDriver.java:678)
	at org.openqa.selenium.remote.RemoteWebDriver.startSession(RemoteWebDriver.java:249)
	at org.openqa.selenium.remote.RemoteWebDriver.<init>(RemoteWebDriver.java:131)
	at org.openqa.selenium.remote.RemoteWebDriver.<init>(RemoteWebDriver.java:158)
	at base.BaseTest.setup(BaseTest.java:82)
	at base.BaseTest.AndroidDriverSet(BaseTest.java:42)
Caused by: org.openqa.selenium.SessionNotCreatedException: errorId: 6f8ea5c2-d415-4bfe-ac63-8f08bacab37d - Unable to allocate device LG_Nexus_4_E960_real within 900000ms or 3 tries. This can happen if there were no available devices within the time or your plan's max concurrent test run is not corresponding to your usage
Build info: version: 'unknown', revision: 'unknown', time: 'unknown'
System info: host: 'a895cd73b39c', ip: '172.17.0.4', os.name: 'Linux', os.arch: 'amd64', os.version: '4.2.0-35-generic', java.version: '1.8.0_91'
Driver info: driver.version: unknown
Build info: version: '2.50.1', revision: 'd7fc91b29de65b790abb01f3ac5f7ea2191c88a7', time: '2016-01-29 11:11:26'
System info: host: 'CanberKeytorc', ip: '192.168.56.1', os.name: 'Windows 10', os.arch: 'amd64', os.version: '10.0', java.version: '1.8.0_91'
Driver info: driver.version: unknown
... Removed 22 stack frames]]>
    </failure>
  </testcase> <!-- @BeforeSuite AndroidDriverSet -->
  <testcase name="@BeforeTest setClass" time="0.0" classname="com.automation.testapp.tests.TestFactory">
    <skipped/>
  </testcase> <!-- @BeforeTest setClass -->
</testsuite> <!-- RunTest -->
