<?xml version="1.0" encoding="UTF-8"?>
<!-- Generated by org.testng.reporters.JUnitXMLReporter -->
<testsuite hostname="CanberKeytorc" name="RunTest" tests="1" failures="1" timestamp="19 Jul 2016 15:34:49 GMT" time="137.509" errors="0">
  <testcase name="addToWatchList" time="30.274" classname="com.automation.testapp.tests.TestFactory">
    <failure type="org.openqa.selenium.TimeoutException" message="Timed out after 10 seconds waiting for presence of any elements located by By.name: Not in watchlist
Build info: version: &amp;apos;2.50.1&amp;apos;, revision: &amp;apos;d7fc91b29de65b790abb01f3ac5f7ea2191c88a7&amp;apos;, time: &amp;apos;2016-01-29 11:11:26&amp;apos;
System info: host: &amp;apos;CanberKeytorc&amp;apos;, ip: &amp;apos;192.168.56.1&amp;apos;, os.name: &amp;apos;Windows 10&amp;apos;, os.arch: &amp;apos;amd64&amp;apos;, os.version: &amp;apos;10.0&amp;apos;, java.version: &amp;apos;1.8.0_91&amp;apos;
Driver info: org.openqa.selenium.remote.RemoteWebDriver
Capabilities [{app=/tmp/apks-LG_Nexus_5X_real/com.imdb.mobile.apk, networkConnectionEnabled=true, testobject_app_id=1, testobject_test_report_url=https://app.testobject.com/#/canberkakduygu/imdb/appium/executions/64, warnings={}, testobject_device=LG_Nexus_5X_real, testobject_device_session_id={value=bfa6869b-a2dd-44ae-a713-46d666350841}, databaseEnabled=false, deviceName=00defe8a3f9c344a, platform=LINUX, desired={app=/tmp/apks-LG_Nexus_5X_real/com.imdb.mobile.apk, testobject_app_id=1, testobject_device=LG_Nexus_5X_real, testobject_api_key=B934163327E64391994877AD2CDA53EA, platformName=Android, deviceName=LG_Nexus_5X_real}, platformVersion=6.0.1, webStorageEnabled=false, locationContextEnabled=false, browserName=Android, takesScreenshot=true, javascriptEnabled=true, testobject_api_key=B934163327E64391994877AD2CDA53EA, platformName=Android, testobject_test_live_view_url=https://app.testobject.com/#/canberkakduygu/imdb/appium/view/64}]
Session ID: 5ca8f7f7-e49e-4896-b33e-ec56d0e3bce5">
      <![CDATA[org.openqa.selenium.TimeoutException: Timed out after 10 seconds waiting for presence of any elements located by By.name: Not in watchlist
Build info: version: '2.50.1', revision: 'd7fc91b29de65b790abb01f3ac5f7ea2191c88a7', time: '2016-01-29 11:11:26'
System info: host: 'CanberKeytorc', ip: '192.168.56.1', os.name: 'Windows 10', os.arch: 'amd64', os.version: '10.0', java.version: '1.8.0_91'
Driver info: org.openqa.selenium.remote.RemoteWebDriver
Capabilities [{app=/tmp/apks-LG_Nexus_5X_real/com.imdb.mobile.apk, networkConnectionEnabled=true, testobject_app_id=1, testobject_test_report_url=https://app.testobject.com/#/canberkakduygu/imdb/appium/executions/64, warnings={}, testobject_device=LG_Nexus_5X_real, testobject_device_session_id={value=bfa6869b-a2dd-44ae-a713-46d666350841}, databaseEnabled=false, deviceName=00defe8a3f9c344a, platform=LINUX, desired={app=/tmp/apks-LG_Nexus_5X_real/com.imdb.mobile.apk, testobject_app_id=1, testobject_device=LG_Nexus_5X_real, testobject_api_key=B934163327E64391994877AD2CDA53EA, platformName=Android, deviceName=LG_Nexus_5X_real}, platformVersion=6.0.1, webStorageEnabled=false, locationContextEnabled=false, browserName=Android, takesScreenshot=true, javascriptEnabled=true, testobject_api_key=B934163327E64391994877AD2CDA53EA, platformName=Android, testobject_test_live_view_url=https://app.testobject.com/#/canberkakduygu/imdb/appium/view/64}]
Session ID: 5ca8f7f7-e49e-4896-b33e-ec56d0e3bce5
	at org.openqa.selenium.support.ui.WebDriverWait.timeoutException(WebDriverWait.java:80)
	at org.openqa.selenium.support.ui.FluentWait.until(FluentWait.java:261)
	at com.automation.testapp.base.BasePageUtil.waitForVisibility(BasePageUtil.java:41)
	at com.automation.testapp.base.BasePageUtil.findElement(BasePageUtil.java:58)
	at com.automation.testapp.base.BasePageUtil.clickElement(BasePageUtil.java:77)
	at com.automation.testapp.pages.MoviePage.addWatchList(MoviePage.java:33)
	at com.automation.testapp.tests.TestFactory.addToWatchList(TestFactory.java:29)
... Removed 24 stack frames]]>
    </failure>
  </testcase> <!-- addToWatchList -->
</testsuite> <!-- RunTest -->
