<?xml version="1.0" encoding="UTF-8"?>
<testng-results skipped="0" failed="0" total="1" passed="1">
  <reporter-output>
  </reporter-output>
  <suite name="RunAll Test" duration-ms="69394" started-at="2016-07-25T13:18:03Z" finished-at="2016-07-25T13:19:12Z">
    <groups>
    </groups>
    <test name="RunTest" duration-ms="69394" started-at="2016-07-25T13:18:03Z" finished-at="2016-07-25T13:19:12Z">
      <class name="com.automation.testapp.tests.TestFactory">
        <test-method status="PASS" signature="AndroidDriverSet()[pri:0, instance:com.automation.testapp.tests.TestFactory@13c78c0b]" name="AndroidDriverSet" is-config="true" duration-ms="62556" started-at="2016-07-25T16:17:00Z" finished-at="2016-07-25T16:18:03Z">
          <reporter-output>
          </reporter-output>
        </test-method> <!-- AndroidDriverSet -->
        <test-method status="PASS" signature="setClass()[pri:0, instance:com.automation.testapp.tests.TestFactory@13c78c0b]" name="setClass" is-config="true" duration-ms="35136" started-at="2016-07-25T16:18:03Z" finished-at="2016-07-25T16:18:38Z">
          <reporter-output>
          </reporter-output>
        </test-method> <!-- setClass -->
        <test-method status="PASS" signature="addToWatchList()[pri:0, instance:com.automation.testapp.tests.TestFactory@13c78c0b]" name="addToWatchList" duration-ms="32867" started-at="2016-07-25T16:18:38Z" finished-at="2016-07-25T16:19:11Z">
          <reporter-output>
          </reporter-output>
        </test-method> <!-- addToWatchList -->
        <test-method status="PASS" signature="WebDriverQuit()[pri:0, instance:com.automation.testapp.tests.TestFactory@13c78c0b]" name="WebDriverQuit" is-config="true" duration-ms="1356" started-at="2016-07-25T16:19:11Z" finished-at="2016-07-25T16:19:12Z">
          <reporter-output>
          </reporter-output>
        </test-method> <!-- WebDriverQuit -->
      </class> <!-- com.automation.testapp.tests.TestFactory -->
    </test> <!-- RunTest -->
  </suite> <!-- RunAll Test -->
</testng-results>
